<?xml version="1.0" encoding="UTF-8"?>
<!-- Generated by org.testng.reporters.JUnitXMLReporter -->
<testsuite ignored="0" hostname="DESKTOP-TFUFUVK" failures="0" tests="6" name="Default test-1" time="161.068" errors="0" timestamp="2024-02-24T09:18:56 IST">
  <testcase classname="testObjects.SubmitOrderTest" name="submitOrder" time="18.63"/>
  <testcase classname="testObjects.SubmitOrderTest" name="submitOrder" time="19.339"/>
  <testcase classname="testObjects.SubmitOrderTest" name="submitOrder" time="20.6"/>
  <testcase classname="testObjects.SubmitOrderTest" name="orderHistoryValidation" time="4.647"/>
  <testcase classname="testObjects.SubmitOrderTest" name="orderHistoryValidation" time="4.235"/>
  <testcase classname="testObjects.SubmitOrderTest" name="orderHistoryValidation" time="4.108"/>
</testsuite> <!-- Default test-1 -->
