<?xml version="1.0" encoding="UTF-8"?>
<!-- Generated by org.testng.reporters.JUnitXMLReporter -->
<testsuite ignored="0" hostname="DESKTOP-TFUFUVK" failures="0" tests="6" name="Default test-0" time="178.551" errors="0" timestamp="2024-02-24T09:19:14 IST">
  <testcase classname="testObjects.SubmitOrderTest" name="submitOrder" time="21.424"/>
  <testcase classname="testObjects.SubmitOrderTest" name="submitOrder" time="21.277"/>
  <testcase classname="testObjects.SubmitOrderTest" name="submitOrder" time="19.978"/>
  <testcase classname="testObjects.SubmitOrderTest" name="orderHistoryValidation" time="6.15"/>
  <testcase classname="testObjects.SubmitOrderTest" name="orderHistoryValidation" time="3.751"/>
  <testcase classname="testObjects.SubmitOrderTest" name="orderHistoryValidation" time="3.767"/>
</testsuite> <!-- Default test-0 -->
