<?xml version="1.0" encoding="UTF-8"?>
<!-- Generated by org.testng.reporters.JUnitXMLReporter -->
<testsuite ignored="0" hostname="DESKTOP-TFUFUVK" failures="0" tests="6" name="Default test-2" time="265.259" errors="0" timestamp="2024-02-24T09:20:41 IST">
  <testcase classname="testObjects.SubmitOrderTest" name="submitOrder" time="21.097"/>
  <testcase classname="testObjects.SubmitOrderTest" name="submitOrder" time="20.311"/>
  <testcase classname="testObjects.SubmitOrderTest" name="submitOrder" time="31.061"/>
  <testcase classname="testObjects.SubmitOrderTest" name="orderHistoryValidation" time="3.422"/>
  <testcase classname="testObjects.SubmitOrderTest" name="orderHistoryValidation" time="4.004"/>
  <testcase classname="testObjects.SubmitOrderTest" name="orderHistoryValidation" time="4.2"/>
</testsuite> <!-- Default test-2 -->
