<?xml version="1.0" encoding="UTF-8"?>
<!-- Generated by org.testng.reporters.JUnitXMLReporter -->
<testsuite ignored="0" hostname="DESKTOP-TFUFUVK" failures="1" tests="1" name="Login Error Validation Test" time="2.389" errors="0" timestamp="2024-02-18T04:47:52 IST">
  <testcase classname="testObjects.LoginErrorValidationTest" name="LoginErrorValidation" time="0.271">
    <failure type="java.lang.AssertionError" message="expected [Incorrect email or password.] but found []">
      <![CDATA[java.lang.AssertionError: expected [Incorrect email or password.] but found []
at testObjects.LoginErrorValidationTest.LoginErrorValidation(LoginErrorValidationTest.java:16)
at java.base/java.util.ArrayList.forEach(ArrayList.java:1511)
... Removed 31 stack frames]]>
    </failure>
  </testcase> <!-- LoginErrorValidation -->
</testsuite> <!-- Login Error Validation Test -->
