<?xml version="1.0" encoding="UTF-8"?>
<!-- Generated by org.testng.reporters.JUnitXMLReporter -->
<testsuite ignored="0" hostname="DESKTOP-TFUFUVK" failures="0" tests="6" name="Submit Order Test" time="27.279" errors="0" timestamp="2024-02-21T07:28:10 IST">
  <testcase classname="testObjects.SubmitOrderTest" name="submitOrder" time="4.096"/>
  <testcase classname="testObjects.SubmitOrderTest" name="submitOrder" time="4.004"/>
  <testcase classname="testObjects.SubmitOrderTest" name="submitOrder" time="3.995"/>
  <testcase classname="testObjects.SubmitOrderTest" name="orderHistoryValidation" time="0.574"/>
  <testcase classname="testObjects.SubmitOrderTest" name="orderHistoryValidation" time="0.575"/>
  <testcase classname="testObjects.SubmitOrderTest" name="orderHistoryValidation" time="0.62"/>
</testsuite> <!-- Submit Order Test -->
