<?xml version="1.0" encoding="UTF-8"?>
<!-- Generated by org.testng.reporters.JUnitXMLReporter -->
<testsuite ignored="0" hostname="DESKTOP-TFUFUVK" failures="0" tests="7" name="Test" time="28.666" errors="0" timestamp="2024-02-21T22:32:25 IST">
  <testcase classname="testObjects.LoginErrorValidationTest" name="loginErrorValidation" time="0.287"/>
  <testcase classname="testObjects.SubmitOrderTest" name="submitOrder" time="4.12"/>
  <testcase classname="testObjects.SubmitOrderTest" name="submitOrder" time="3.998"/>
  <testcase classname="testObjects.SubmitOrderTest" name="submitOrder" time="3.949"/>
  <testcase classname="testObjects.SubmitOrderTest" name="orderHistoryValidation" time="0.614"/>
  <testcase classname="testObjects.SubmitOrderTest" name="orderHistoryValidation" time="0.58"/>
  <testcase classname="testObjects.SubmitOrderTest" name="orderHistoryValidation" time="0.631"/>
</testsuite> <!-- Test -->
