<?xml version="1.0" encoding="UTF-8"?>
<testsuite xmlns:xsi="http://www.w3.org/2001/XMLSchema-instance" xsi:schemaLocation="https://maven.apache.org/surefire/maven-surefire-plugin/xsd/surefire-test-report.xsd" name="TestSuite" time="159.072" tests="21" errors="0" skipped="0" failures="0">
  <properties>
[...]
</properties>
  <testcase name="loginErrorValidation" classname="testObjects.LoginErrorValidationTest" time="1.248"/>
  <testcase name="loginErrorValidation" classname="testObjects.LoginErrorValidationTest" time="0.961"/>
  <testcase name="loginErrorValidation" classname="testObjects.LoginErrorValidationTest" time="2.095"/>
  <testcase name="submitOrder" classname="testObjects.SubmitOrderTest" time="10.417"/>
  <testcase name="submitOrder" classname="testObjects.SubmitOrderTest" time="11.048"/>
  <testcase name="submitOrder" classname="testObjects.SubmitOrderTest" time="11.137"/>
  <testcase name="submitOrder" classname="testObjects.SubmitOrderTest" time="10.3"/>
  <testcase name="submitOrder" classname="testObjects.SubmitOrderTest" time="18.838"/>
  <testcase name="submitOrder" classname="testObjects.SubmitOrderTest" time="19.926"/>
  <testcase name="submitOrder" classname="testObjects.SubmitOrderTest" time="9.583"/>
  <testcase name="submitOrder" classname="testObjects.SubmitOrderTest" time="18.781"/>
  <testcase name="submitOrder" classname="testObjects.SubmitOrderTest" time="19.655"/>
  <testcase name="orderHistoryValidation" classname="testObjects.SubmitOrderTest" time="4.668"/>
  <testcase name="orderHistoryValidation" classname="testObjects.SubmitOrderTest" time="4.006"/>
  <testcase name="orderHistoryValidation" classname="testObjects.SubmitOrderTest" time="4.716"/>
  <testcase name="orderHistoryValidation" classname="testObjects.SubmitOrderTest" time="3.915"/>
  <testcase name="orderHistoryValidation" classname="testObjects.SubmitOrderTest" time="0.318"/>
  <testcase name="orderHistoryValidation" classname="testObjects.SubmitOrderTest" time="2.087"/>
  <testcase name="orderHistoryValidation" classname="testObjects.SubmitOrderTest" time="3.575"/>
  <testcase name="orderHistoryValidation" classname="testObjects.SubmitOrderTest" time="4.362"/>
  <testcase name="orderHistoryValidation" classname="testObjects.SubmitOrderTest" time="3.274"/>
</testsuite>